<?xml version="1.0" encoding="UTF-8"?>
<testng-results skipped="0" failed="1" total="4" passed="3">
  <reporter-output>
  </reporter-output>
  <suite name="FlipkartMobileAppTesting" duration-ms="113832" started-at="2018-10-13T16:58:27Z" finished-at="2018-10-13T17:00:21Z">
    <groups>
    </groups>
    <test name="testngTest" duration-ms="113832" started-at="2018-10-13T16:58:27Z" finished-at="2018-10-13T17:00:21Z">
      <class name="tests.LoginTest">
        <test-method status="PASS" signature="pageInitialize()[pri:0, instance:tests.LoginTest@29b5cd00]" name="pageInitialize" is-config="true" duration-ms="28619" started-at="2018-10-13T22:28:27Z" finished-at="2018-10-13T22:28:56Z">
          <reporter-output>
          </reporter-output>
        </test-method> <!-- pageInitialize -->
        <test-method status="PASS" signature="flipkartLoginTest(java.lang.String, java.lang.String)[pri:0, instance:tests.LoginTest@29b5cd00]" name="flipkartLoginTest" duration-ms="25954" started-at="2018-10-13T22:28:56Z" description="Login Scenario with Correct username and password." data-provider="Authentication" finished-at="2018-10-13T22:29:22Z">
          <params>
            <param index="0">
              <value>
                <![CDATA[knagesh9841@yahoo.com]]>
              </value>
            </param>
            <param index="1">
              <value>
                <![CDATA[Mobile1234]]>
              </value>
            </param>
          </params>
          <reporter-output>
          </reporter-output>
        </test-method> <!-- flipkartLoginTest -->
        <test-method status="FAIL" signature="flipkartNotificationTab()[pri:0, instance:tests.LoginTest@29b5cd00]" name="flipkartNotificationTab" duration-ms="2886" started-at="2018-10-13T22:29:22Z" description="Flipkart Notification Tab Verification" finished-at="2018-10-13T22:29:25Z">
          <exception class="java.lang.AssertionError">
            <message>
              <![CDATA[expected [Notifications (2)] but found [Notifications (4)]]]>
            </message>
            <full-stacktrace>
              <![CDATA[java.lang.AssertionError: expected [Notifications (2)] but found [Notifications (4)]
	at org.testng.Assert.fail(Assert.java:94)
	at org.testng.Assert.failNotEquals(Assert.java:494)
	at org.testng.Assert.assertEquals(Assert.java:123)
	at org.testng.Assert.assertEquals(Assert.java:176)
	at org.testng.Assert.assertEquals(Assert.java:186)
	at pages.HomePage.verifyPageIsDisplayedOrNot(HomePage.java:85)
	at pages.HomePage.notificationTabVerification(HomePage.java:49)
	at tests.LoginTest.flipkartNotificationTab(LoginTest.java:33)
	at sun.reflect.NativeMethodAccessorImpl.invoke0(Native Method)
	at sun.reflect.NativeMethodAccessorImpl.invoke(NativeMethodAccessorImpl.java:62)
	at sun.reflect.DelegatingMethodAccessorImpl.invoke(DelegatingMethodAccessorImpl.java:43)
	at java.lang.reflect.Method.invoke(Method.java:498)
	at org.testng.internal.MethodInvocationHelper.invokeMethod(MethodInvocationHelper.java:84)
	at org.testng.internal.Invoker.invokeMethod(Invoker.java:714)
	at org.testng.internal.Invoker.invokeTestMethod(Invoker.java:901)
	at org.testng.internal.Invoker.invokeTestMethods(Invoker.java:1231)
	at org.testng.internal.TestMethodWorker.invokeTestMethods(TestMethodWorker.java:127)
	at org.testng.internal.TestMethodWorker.run(TestMethodWorker.java:111)
	at org.testng.TestRunner.privateRun(TestRunner.java:767)
	at org.testng.TestRunner.run(TestRunner.java:617)
	at org.testng.SuiteRunner.runTest(SuiteRunner.java:348)
	at org.testng.SuiteRunner.runSequentially(SuiteRunner.java:343)
	at org.testng.SuiteRunner.privateRun(SuiteRunner.java:305)
	at org.testng.SuiteRunner.run(SuiteRunner.java:254)
	at org.testng.SuiteRunnerWorker.runSuite(SuiteRunnerWorker.java:52)
	at org.testng.SuiteRunnerWorker.run(SuiteRunnerWorker.java:86)
	at org.testng.TestNG.runSuitesSequentially(TestNG.java:1224)
	at org.testng.TestNG.runSuitesLocally(TestNG.java:1149)
	at org.testng.TestNG.run(TestNG.java:1057)
	at org.apache.maven.surefire.testng.TestNGExecutor.run(TestNGExecutor.java:281)
	at org.apache.maven.surefire.testng.TestNGXmlTestSuite.execute(TestNGXmlTestSuite.java:75)
	at org.apache.maven.surefire.testng.TestNGProvider.invoke(TestNGProvider.java:121)
	at org.apache.maven.surefire.booter.ForkedBooter.invokeProviderInSameClassLoader(ForkedBooter.java:290)
	at org.apache.maven.surefire.booter.ForkedBooter.runSuitesInProcess(ForkedBooter.java:242)
	at org.apache.maven.surefire.booter.ForkedBooter.main(ForkedBooter.java:121)
]]>
            </full-stacktrace>
          </exception> <!-- java.lang.AssertionError -->
          <reporter-output>
          </reporter-output>
        </test-method> <!-- flipkartNotificationTab -->
        <test-method status="PASS" signature="flipkartCartTab()[pri:0, instance:tests.LoginTest@29b5cd00]" name="flipkartCartTab" duration-ms="5282" started-at="2018-10-13T22:29:25Z" description="Flipkart Cart Tab Verification" finished-at="2018-10-13T22:29:30Z">
          <reporter-output>
          </reporter-output>
        </test-method> <!-- flipkartCartTab -->
        <test-method status="PASS" signature="closeDriver()[pri:0, instance:tests.LoginTest@29b5cd00]" name="closeDriver" is-config="true" duration-ms="5837" started-at="2018-10-13T22:29:30Z" finished-at="2018-10-13T22:29:36Z">
          <reporter-output>
          </reporter-output>
        </test-method> <!-- closeDriver -->
      </class> <!-- tests.LoginTest -->
      <class name="tests.MenuVerificationTest">
        <test-method status="PASS" signature="startAppiumServer()[pri:0, instance:tests.MenuVerificationTest@2c039ac6]" name="startAppiumServer" is-config="true" duration-ms="45829" started-at="2018-10-13T22:27:41Z" finished-at="2018-10-13T22:28:27Z">
          <reporter-output>
          </reporter-output>
        </test-method> <!-- startAppiumServer -->
        <test-method status="PASS" signature="pageInitialize()[pri:0, instance:tests.MenuVerificationTest@2c039ac6]" name="pageInitialize" is-config="true" duration-ms="17094" started-at="2018-10-13T22:29:36Z" finished-at="2018-10-13T22:29:53Z">
          <reporter-output>
          </reporter-output>
        </test-method> <!-- pageInitialize -->
        <test-method status="PASS" signature="flipkartLoginTest(java.lang.String, java.lang.String)[pri:0, instance:tests.MenuVerificationTest@2c039ac6]" name="flipkartLoginTest" duration-ms="22431" started-at="2018-10-13T22:29:53Z" description="Login Scenario with Correct username and password." data-provider="Authentication" finished-at="2018-10-13T22:30:15Z">
          <params>
            <param index="0">
              <value>
                <![CDATA[knagesh9841@yahoo.com]]>
              </value>
            </param>
            <param index="1">
              <value>
                <![CDATA[Mobile1234]]>
              </value>
            </param>
          </params>
          <reporter-output>
          </reporter-output>
        </test-method> <!-- flipkartLoginTest -->
        <test-method status="PASS" signature="closeDriver()[pri:0, instance:tests.MenuVerificationTest@2c039ac6]" name="closeDriver" is-config="true" duration-ms="5565" started-at="2018-10-13T22:30:15Z" finished-at="2018-10-13T22:30:21Z">
          <reporter-output>
          </reporter-output>
        </test-method> <!-- closeDriver -->
        <test-method status="PASS" signature="stopAppiumServer()[pri:0, instance:tests.MenuVerificationTest@2c039ac6]" name="stopAppiumServer" is-config="true" duration-ms="259" started-at="2018-10-13T22:30:22Z" finished-at="2018-10-13T22:30:22Z">
          <reporter-output>
          </reporter-output>
        </test-method> <!-- stopAppiumServer -->
      </class> <!-- tests.MenuVerificationTest -->
    </test> <!-- testngTest -->
  </suite> <!-- FlipkartMobileAppTesting -->
</testng-results>
