<?xml version="1.0" encoding="UTF-8"?>
<testng-results skipped="0" failed="1" total="4" passed="3">
  <reporter-output>
  </reporter-output>
  <suite name="FlipkartMobileAppTesting" duration-ms="115644" started-at="2018-10-10T17:54:21Z" finished-at="2018-10-10T17:56:16Z">
    <groups>
    </groups>
    <test name="testngTest" duration-ms="115644" started-at="2018-10-10T17:54:21Z" finished-at="2018-10-10T17:56:16Z">
      <class name="tests.LoginTest">
        <test-method status="PASS" signature="pageInitialize()[pri:0, instance:tests.LoginTest@134593bf]" name="pageInitialize" is-config="true" duration-ms="21660" started-at="2018-10-10T23:24:21Z" finished-at="2018-10-10T23:24:42Z">
          <reporter-output>
          </reporter-output>
        </test-method> <!-- pageInitialize -->
        <test-method status="PASS" signature="flipkartLoginTest(java.lang.String, java.lang.String)[pri:0, instance:tests.LoginTest@134593bf]" name="flipkartLoginTest" duration-ms="29254" started-at="2018-10-10T23:24:42Z" description="Login Scenario with Correct username and password." data-provider="Authentication" finished-at="2018-10-10T23:25:12Z">
          <params>
            <param index="0">
              <value>
                <![CDATA[knagesh9841@yahoo.com]]>
              </value>
            </param>
            <param index="1">
              <value>
                <![CDATA[Mobile1234]]>
              </value>
            </param>
          </params>
          <reporter-output>
          </reporter-output>
        </test-method> <!-- flipkartLoginTest -->
        <test-method status="FAIL" signature="flipkartNotificationTab()[pri:0, instance:tests.LoginTest@134593bf]" name="flipkartNotificationTab" duration-ms="2665" started-at="2018-10-10T23:25:12Z" description="Flipkart Notification Tab Verification" finished-at="2018-10-10T23:25:14Z">
          <exception class="java.lang.AssertionError">
            <message>
              <![CDATA[expected [Notifications (2)] but found [Notifications (5)]]]>
            </message>
            <full-stacktrace>
              <![CDATA[java.lang.AssertionError: expected [Notifications (2)] but found [Notifications (5)]
	at org.testng.Assert.fail(Assert.java:94)
	at org.testng.Assert.failNotEquals(Assert.java:494)
	at org.testng.Assert.assertEquals(Assert.java:123)
	at org.testng.Assert.assertEquals(Assert.java:176)
	at org.testng.Assert.assertEquals(Assert.java:186)
	at pages.HomePage.verifyPageIsDisplayedOrNot(HomePage.java:85)
	at pages.HomePage.notificationTabVerification(HomePage.java:49)
	at tests.LoginTest.flipkartNotificationTab(LoginTest.java:33)
	at sun.reflect.NativeMethodAccessorImpl.invoke0(Native Method)
	at sun.reflect.NativeMethodAccessorImpl.invoke(Unknown Source)
	at sun.reflect.DelegatingMethodAccessorImpl.invoke(Unknown Source)
	at java.lang.reflect.Method.invoke(Unknown Source)
	at org.testng.internal.MethodInvocationHelper.invokeMethod(MethodInvocationHelper.java:84)
	at org.testng.internal.Invoker.invokeMethod(Invoker.java:714)
	at org.testng.internal.Invoker.invokeTestMethod(Invoker.java:901)
	at org.testng.internal.Invoker.invokeTestMethods(Invoker.java:1231)
	at org.testng.internal.TestMethodWorker.invokeTestMethods(TestMethodWorker.java:127)
	at org.testng.internal.TestMethodWorker.run(TestMethodWorker.java:111)
	at org.testng.TestRunner.privateRun(TestRunner.java:767)
	at org.testng.TestRunner.run(TestRunner.java:617)
	at org.testng.SuiteRunner.runTest(SuiteRunner.java:348)
	at org.testng.SuiteRunner.runSequentially(SuiteRunner.java:343)
	at org.testng.SuiteRunner.privateRun(SuiteRunner.java:305)
	at org.testng.SuiteRunner.run(SuiteRunner.java:254)
	at org.testng.SuiteRunnerWorker.runSuite(SuiteRunnerWorker.java:52)
	at org.testng.SuiteRunnerWorker.run(SuiteRunnerWorker.java:86)
	at org.testng.TestNG.runSuitesSequentially(TestNG.java:1224)
	at org.testng.TestNG.runSuitesLocally(TestNG.java:1149)
	at org.testng.TestNG.run(TestNG.java:1057)
	at org.testng.remote.AbstractRemoteTestNG.run(AbstractRemoteTestNG.java:114)
	at org.testng.remote.RemoteTestNG.initAndRun(RemoteTestNG.java:251)
	at org.testng.remote.RemoteTestNG.main(RemoteTestNG.java:77)
]]>
            </full-stacktrace>
          </exception> <!-- java.lang.AssertionError -->
          <reporter-output>
          </reporter-output>
        </test-method> <!-- flipkartNotificationTab -->
        <test-method status="PASS" signature="flipkartCartTab()[pri:0, instance:tests.LoginTest@134593bf]" name="flipkartCartTab" duration-ms="6192" started-at="2018-10-10T23:25:14Z" description="Flipkart Cart Tab Verification" finished-at="2018-10-10T23:25:21Z">
          <reporter-output>
          </reporter-output>
        </test-method> <!-- flipkartCartTab -->
        <test-method status="PASS" signature="closeDriver()[pri:0, instance:tests.LoginTest@134593bf]" name="closeDriver" is-config="true" duration-ms="6427" started-at="2018-10-10T23:25:21Z" finished-at="2018-10-10T23:25:27Z">
          <reporter-output>
          </reporter-output>
        </test-method> <!-- closeDriver -->
      </class> <!-- tests.LoginTest -->
      <class name="tests.MenuVerificationTest">
        <test-method status="PASS" signature="startAppiumServer()[pri:0, instance:tests.MenuVerificationTest@587c290d]" name="startAppiumServer" is-config="true" duration-ms="19767" started-at="2018-10-10T23:24:01Z" finished-at="2018-10-10T23:24:21Z">
          <reporter-output>
          </reporter-output>
        </test-method> <!-- startAppiumServer -->
        <test-method status="PASS" signature="pageInitialize()[pri:0, instance:tests.MenuVerificationTest@587c290d]" name="pageInitialize" is-config="true" duration-ms="16319" started-at="2018-10-10T23:25:27Z" finished-at="2018-10-10T23:25:43Z">
          <reporter-output>
          </reporter-output>
        </test-method> <!-- pageInitialize -->
        <test-method status="PASS" signature="flipkartLoginTest(java.lang.String, java.lang.String)[pri:0, instance:tests.MenuVerificationTest@587c290d]" name="flipkartLoginTest" duration-ms="27141" started-at="2018-10-10T23:25:43Z" description="Login Scenario with Correct username and password." data-provider="Authentication" finished-at="2018-10-10T23:26:10Z">
          <params>
            <param index="0">
              <value>
                <![CDATA[knagesh9841@yahoo.com]]>
              </value>
            </param>
            <param index="1">
              <value>
                <![CDATA[Mobile1234]]>
              </value>
            </param>
          </params>
          <reporter-output>
          </reporter-output>
        </test-method> <!-- flipkartLoginTest -->
        <test-method status="PASS" signature="closeDriver()[pri:0, instance:tests.MenuVerificationTest@587c290d]" name="closeDriver" is-config="true" duration-ms="5925" started-at="2018-10-10T23:26:10Z" finished-at="2018-10-10T23:26:16Z">
          <reporter-output>
          </reporter-output>
        </test-method> <!-- closeDriver -->
        <test-method status="PASS" signature="stopAppiumServer()[pri:0, instance:tests.MenuVerificationTest@587c290d]" name="stopAppiumServer" is-config="true" duration-ms="213" started-at="2018-10-10T23:26:17Z" finished-at="2018-10-10T23:26:17Z">
          <reporter-output>
          </reporter-output>
        </test-method> <!-- stopAppiumServer -->
      </class> <!-- tests.MenuVerificationTest -->
    </test> <!-- testngTest -->
  </suite> <!-- FlipkartMobileAppTesting -->
</testng-results>
